{"D:\\SAE501\\API501\\src\\index.ts": {"path":"D:\\SAE501\\API501\\src\\index.ts","statementMap":{"0":{"start":{"line":1,"column":0},"end":{"line":1,"column":39}},"1":{"start":{"line":3,"column":0},"end":{"line":3,"column":18}}},"fnMap":{},"branchMap":{},"s":{"0":0,"1":0},"f":{},"b":{}}
,"D:\\SAE501\\API501\\src\\server.ts": {"path":"D:\\SAE501\\API501\\src\\server.ts","statementMap":{"0":{"start":{"line":1,"column":0},"end":{"line":1,"column":30}},"1":{"start":{"line":2,"column":0},"end":{"line":2,"column":41}},"2":{"start":{"line":3,"column":0},"end":{"line":3,"column":43}},"3":{"start":{"line":4,"column":0},"end":{"line":4,"column":43}},"4":{"start":{"line":5,"column":0},"end":{"line":5,"column":78}},"5":{"start":{"line":6,"column":0},"end":{"line":6,"column":76}},"6":{"start":{"line":7,"column":0},"end":{"line":7,"column":62}},"7":{"start":{"line":10,"column":16},"end":{"line":10,"column":25}},"8":{"start":{"line":12,"column":18},"end":{"line":12,"column":39}},"9":{"start":{"line":13,"column":4},"end":{"line":13,"column":28}},"10":{"start":{"line":14,"column":4},"end":{"line":14,"column":66}},"11":{"start":{"line":17,"column":4},"end":{"line":17,"column":29}},"12":{"start":{"line":18,"column":4},"end":{"line":18,"column":32}},"13":{"start":{"line":19,"column":4},"end":{"line":19,"column":32}},"14":{"start":{"line":21,"column":4},"end":{"line":23,"column":null}},"15":{"start":{"line":22,"column":8},"end":{"line":22,"column":57}},"16":{"start":{"line":9,"column":0},"end":{"line":9,"column":16}}},"fnMap":{"0":{"name":"startServer","decl":{"start":{"line":9,"column":16},"end":{"line":9,"column":27}},"loc":{"start":{"line":9,"column":41},"end":{"line":24,"column":1}}},"1":{"name":"(anonymous_2)","decl":{"start":{"line":21,"column":28},"end":{"line":21,"column":31}},"loc":{"start":{"line":21,"column":33},"end":{"line":23,"column":5}}}},"branchMap":{},"s":{"0":0,"1":0,"2":0,"3":0,"4":0,"5":0,"6":0,"7":0,"8":0,"9":0,"10":0,"11":0,"12":0,"13":0,"14":0,"15":0,"16":0},"f":{"0":0,"1":0},"b":{}}
,"D:\\SAE501\\API501\\src\\data\\data-sources\\json\\pokedex\\json-pokedex-data-source.ts": {"path":"D:\\SAE501\\API501\\src\\data\\data-sources\\json\\pokedex\\json-pokedex-data-source.ts","statementMap":{"0":{"start":{"line":2,"column":0},"end":{"line":2,"column":37}},"1":{"start":{"line":8,"column":39},"end":{"line":8,"column":47}},"2":{"start":{"line":9,"column":8},"end":{"line":9,"column":27}},"3":{"start":{"line":14,"column":39},"end":{"line":14,"column":47}},"4":{"start":{"line":15,"column":8},"end":{"line":15,"column":null}},"5":{"start":{"line":15,"column":45},"end":{"line":15,"column":62}},"6":{"start":{"line":5,"column":0},"end":{"line":5,"column":13}}},"fnMap":{"0":{"name":"(anonymous_8)","decl":{"start":{"line":6,"column":10},"end":{"line":6,"column":23}},"loc":{"start":{"line":6,"column":23},"end":{"line":10,"column":null}}},"1":{"name":"(anonymous_10)","decl":{"start":{"line":12,"column":10},"end":{"line":12,"column":23}},"loc":{"start":{"line":12,"column":34},"end":{"line":16,"column":null}}},"2":{"name":"(anonymous_12)","decl":{"start":{"line":15,"column":32},"end":{"line":15,"column":33}},"loc":{"start":{"line":15,"column":45},"end":{"line":15,"column":62}}}},"branchMap":{},"s":{"0":2,"1":1,"2":1,"3":1,"4":1,"5":3,"6":2},"f":{"0":1,"1":1,"2":3},"b":{}}
,"D:\\SAE501\\API501\\src\\data\\data-sources\\mysql\\mysql-database-wrapper.ts": {"path":"D:\\SAE501\\API501\\src\\data\\data-sources\\mysql\\mysql-database-wrapper.ts","statementMap":{"0":{"start":{"line":2,"column":0},"end":{"line":2,"column":55}},"1":{"start":{"line":9,"column":8},"end":{"line":9,"column":40}},"2":{"start":{"line":14,"column":8},"end":{"line":22,"column":11}},"3":{"start":{"line":15,"column":12},"end":{"line":21,"column":15}},"4":{"start":{"line":16,"column":16},"end":{"line":20,"column":null}},"5":{"start":{"line":17,"column":20},"end":{"line":17,"column":32}},"6":{"start":{"line":19,"column":20},"end":{"line":19,"column":37}},"7":{"start":{"line":5,"column":0},"end":{"line":5,"column":13}}},"fnMap":{"0":{"name":"(anonymous_0)","decl":{"start":{"line":8,"column":4},"end":{"line":8,"column":16}},"loc":{"start":{"line":8,"column":36},"end":{"line":11,"column":5}}},"1":{"name":"(anonymous_1)","decl":{"start":{"line":13,"column":4},"end":{"line":13,"column":9}},"loc":{"start":{"line":13,"column":37},"end":{"line":23,"column":5}}},"2":{"name":"(anonymous_2)","decl":{"start":{"line":14,"column":27},"end":{"line":14,"column":28}},"loc":{"start":{"line":14,"column":47},"end":{"line":22,"column":9}}},"3":{"name":"(anonymous_3)","decl":{"start":{"line":15,"column":41},"end":{"line":15,"column":42}},"loc":{"start":{"line":15,"column":58},"end":{"line":21,"column":13}}}},"branchMap":{"0":{"loc":{"start":{"line":16,"column":16},"end":{"line":20,"column":null}},"type":"if","locations":[{"start":{"line":16,"column":16},"end":{"line":20,"column":null}},{"start":{"line":18,"column":23},"end":{"line":20,"column":null}}]}},"s":{"0":0,"1":0,"2":0,"3":0,"4":0,"5":0,"6":0,"7":0},"f":{"0":0,"1":0,"2":0,"3":0},"b":{"0":[0,0]}}
,"D:\\SAE501\\API501\\src\\domain\\use-cases\\pokemon.ts": {"path":"D:\\SAE501\\API501\\src\\domain\\use-cases\\pokemon.ts","statementMap":{"0":{"start":{"line":7,"column":23},"end":{"line":7,"column":57}},"1":{"start":{"line":8,"column":4},"end":{"line":8,"column":22}},"2":{"start":{"line":5,"column":0},"end":{"line":5,"column":22}}},"fnMap":{"0":{"name":"getOnePokemon","decl":{"start":{"line":5,"column":22},"end":{"line":5,"column":35}},"loc":{"start":{"line":5,"column":78},"end":{"line":9,"column":null}}}},"branchMap":{},"s":{"0":0,"1":0,"2":0},"f":{"0":0},"b":{}}
,"D:\\SAE501\\API501\\src\\domain\\use-cases\\pokedex\\pokedex.ts": {"path":"D:\\SAE501\\API501\\src\\domain\\use-cases\\pokedex\\pokedex.ts","statementMap":{"0":{"start":{"line":7,"column":23},"end":{"line":7,"column":55}},"1":{"start":{"line":8,"column":4},"end":{"line":8,"column":22}},"2":{"start":{"line":6,"column":0},"end":{"line":6,"column":22}},"3":{"start":{"line":12,"column":23},"end":{"line":12,"column":57}},"4":{"start":{"line":13,"column":4},"end":{"line":13,"column":22}},"5":{"start":{"line":11,"column":0},"end":{"line":11,"column":22}}},"fnMap":{"0":{"name":"getAllPokedex","decl":{"start":{"line":6,"column":22},"end":{"line":6,"column":35}},"loc":{"start":{"line":6,"column":65},"end":{"line":9,"column":null}}},"1":{"name":"getOnePokedex","decl":{"start":{"line":11,"column":22},"end":{"line":11,"column":35}},"loc":{"start":{"line":11,"column":78},"end":{"line":14,"column":null}}}},"branchMap":{},"s":{"0":2,"1":1,"2":1,"3":3,"4":2,"5":1},"f":{"0":2,"1":3},"b":{}}
,"D:\\SAE501\\API501\\src\\presentation\\routers\\main-router.ts": {"path":"D:\\SAE501\\API501\\src\\presentation\\routers\\main-router.ts","statementMap":{"0":{"start":{"line":1,"column":0},"end":{"line":1,"column":50}},"1":{"start":{"line":7,"column":8},"end":{"line":7,"column":31}},"2":{"start":{"line":8,"column":8},"end":{"line":8,"column":32}},"3":{"start":{"line":12,"column":8},"end":{"line":12,"column":56}},"4":{"start":{"line":16,"column":12},"end":{"line":16,"column":58}},"5":{"start":{"line":20,"column":13},"end":{"line":20,"column":null}},"6":{"start":{"line":21,"column":13},"end":{"line":21,"column":52}}},"fnMap":{"0":{"name":"(anonymous_7)","decl":{"start":{"line":6,"column":4},"end":{"line":6,"column":null}},"loc":{"start":{"line":6,"column":4},"end":{"line":9,"column":5}}},"1":{"name":"(anonymous_8)","decl":{"start":{"line":11,"column":12},"end":{"line":11,"column":28}},"loc":{"start":{"line":11,"column":28},"end":{"line":13,"column":5}}},"2":{"name":"(anonymous_9)","decl":{"start":{"line":15,"column":18},"end":{"line":15,"column":27}},"loc":{"start":{"line":15,"column":55},"end":{"line":17,"column":null}}}},"branchMap":{},"s":{"0":0,"1":0,"2":0,"3":0,"4":0,"5":0,"6":0},"f":{"0":0,"1":0,"2":0},"b":{}}
,"D:\\SAE501\\API501\\src\\presentation\\routers\\pokedex\\pokedex-router.ts": {"path":"D:\\SAE501\\API501\\src\\presentation\\routers\\pokedex\\pokedex-router.ts","statementMap":{"0":{"start":{"line":1,"column":0},"end":{"line":1,"column":50}},"1":{"start":{"line":2,"column":0},"end":{"line":2,"column":87}},"2":{"start":{"line":5,"column":0},"end":{"line":5,"column":103}},"3":{"start":{"line":9,"column":30},"end":{"line":9,"column":57}},"4":{"start":{"line":23,"column":8},"end":{"line":23,"column":31}},"5":{"start":{"line":24,"column":8},"end":{"line":24,"column":51}},"6":{"start":{"line":25,"column":8},"end":{"line":25,"column":32}},"7":{"start":{"line":44,"column":8},"end":{"line":44,"column":74}},"8":{"start":{"line":68,"column":8},"end":{"line":68,"column":78}},"9":{"start":{"line":72,"column":8},"end":{"line":78,"column":null}},"10":{"start":{"line":74,"column":31},"end":{"line":74,"column":74}},"11":{"start":{"line":75,"column":12},"end":{"line":75,"column":33}},"12":{"start":{"line":77,"column":12},"end":{"line":77,"column":67}},"13":{"start":{"line":83,"column":8},"end":{"line":97,"column":null}},"14":{"start":{"line":85,"column":23},"end":{"line":85,"column":36}},"15":{"start":{"line":86,"column":28},"end":{"line":86,"column":83}},"16":{"start":{"line":88,"column":12},"end":{"line":93,"column":null}},"17":{"start":{"line":89,"column":16},"end":{"line":89,"column":null}},"18":{"start":{"line":92,"column":16},"end":{"line":92,"column":34}},"19":{"start":{"line":96,"column":12},"end":{"line":96,"column":67}},"20":{"start":{"line":18,"column":0},"end":{"line":18,"column":13}},"21":{"start":{"line":101,"column":13},"end":{"line":101,"column":78}},"22":{"start":{"line":102,"column":13},"end":{"line":102,"column":58}}},"fnMap":{"0":{"name":"(anonymous_7)","decl":{"start":{"line":22,"column":4},"end":{"line":22,"column":16}},"loc":{"start":{"line":22,"column":52},"end":{"line":26,"column":5}}},"1":{"name":"(anonymous_8)","decl":{"start":{"line":28,"column":12},"end":{"line":28,"column":28}},"loc":{"start":{"line":28,"column":28},"end":{"line":69,"column":5}}},"2":{"name":"(anonymous_9)","decl":{"start":{"line":71,"column":18},"end":{"line":71,"column":38}},"loc":{"start":{"line":71,"column":66},"end":{"line":79,"column":null}}},"3":{"name":"(anonymous_11)","decl":{"start":{"line":82,"column":18},"end":{"line":82,"column":38}},"loc":{"start":{"line":82,"column":66},"end":{"line":98,"column":null}}}},"branchMap":{"0":{"loc":{"start":{"line":88,"column":12},"end":{"line":93,"column":null}},"type":"if","locations":[{"start":{"line":88,"column":12},"end":{"line":93,"column":null}},{"start":{"line":90,"column":19},"end":{"line":93,"column":null}}]}},"s":{"0":1,"1":1,"2":1,"3":1,"4":2,"5":2,"6":2,"7":2,"8":2,"9":2,"10":2,"11":1,"12":1,"13":3,"14":3,"15":3,"16":2,"17":1,"18":1,"19":1,"20":1,"21":1,"22":1},"f":{"0":2,"1":2,"2":2,"3":3},"b":{"0":[1,1]}}
}
