{"D:\\SAE501\\API501\\src\\index.ts": {"path":"D:\\SAE501\\API501\\src\\index.ts","statementMap":{"0":{"start":{"line":1,"column":0},"end":{"line":1,"column":39}},"1":{"start":{"line":3,"column":0},"end":{"line":3,"column":18}}},"fnMap":{},"branchMap":{},"s":{"0":0,"1":0},"f":{},"b":{}}
,"D:\\SAE501\\API501\\src\\server.ts": {"path":"D:\\SAE501\\API501\\src\\server.ts","statementMap":{"0":{"start":{"line":1,"column":0},"end":{"line":1,"column":30}},"1":{"start":{"line":2,"column":0},"end":{"line":2,"column":41}},"2":{"start":{"line":3,"column":0},"end":{"line":3,"column":43}},"3":{"start":{"line":4,"column":0},"end":{"line":4,"column":43}},"4":{"start":{"line":5,"column":0},"end":{"line":5,"column":78}},"5":{"start":{"line":6,"column":0},"end":{"line":6,"column":76}},"6":{"start":{"line":7,"column":0},"end":{"line":7,"column":62}},"7":{"start":{"line":8,"column":0},"end":{"line":8,"column":85}},"8":{"start":{"line":11,"column":16},"end":{"line":11,"column":25}},"9":{"start":{"line":13,"column":18},"end":{"line":13,"column":39}},"10":{"start":{"line":14,"column":4},"end":{"line":14,"column":28}},"11":{"start":{"line":15,"column":4},"end":{"line":15,"column":66}},"12":{"start":{"line":18,"column":4},"end":{"line":18,"column":29}},"13":{"start":{"line":19,"column":4},"end":{"line":19,"column":32}},"14":{"start":{"line":20,"column":4},"end":{"line":20,"column":null}},"15":{"start":{"line":21,"column":4},"end":{"line":21,"column":32}},"16":{"start":{"line":23,"column":4},"end":{"line":25,"column":null}},"17":{"start":{"line":24,"column":8},"end":{"line":24,"column":57}},"18":{"start":{"line":10,"column":0},"end":{"line":10,"column":16}}},"fnMap":{"0":{"name":"startServer","decl":{"start":{"line":10,"column":16},"end":{"line":10,"column":27}},"loc":{"start":{"line":10,"column":41},"end":{"line":26,"column":1}}},"1":{"name":"(anonymous_2)","decl":{"start":{"line":23,"column":28},"end":{"line":23,"column":31}},"loc":{"start":{"line":23,"column":33},"end":{"line":25,"column":5}}}},"branchMap":{},"s":{"0":0,"1":0,"2":0,"3":0,"4":0,"5":0,"6":0,"7":0,"8":0,"9":0,"10":0,"11":0,"12":0,"13":0,"14":0,"15":0,"16":0,"17":0,"18":0},"f":{"0":0,"1":0},"b":{}}
,"D:\\SAE501\\API501\\src\\data\\data-sources\\json\\pokedex\\json-pokedex-data-source.ts": {"path":"D:\\SAE501\\API501\\src\\data\\data-sources\\json\\pokedex\\json-pokedex-data-source.ts","statementMap":{"0":{"start":{"line":2,"column":0},"end":{"line":2,"column":37}},"1":{"start":{"line":8,"column":39},"end":{"line":8,"column":47}},"2":{"start":{"line":9,"column":8},"end":{"line":9,"column":27}},"3":{"start":{"line":14,"column":39},"end":{"line":14,"column":47}},"4":{"start":{"line":15,"column":8},"end":{"line":15,"column":null}},"5":{"start":{"line":15,"column":45},"end":{"line":15,"column":62}},"6":{"start":{"line":5,"column":0},"end":{"line":5,"column":13}}},"fnMap":{"0":{"name":"(anonymous_8)","decl":{"start":{"line":6,"column":10},"end":{"line":6,"column":23}},"loc":{"start":{"line":6,"column":23},"end":{"line":10,"column":null}}},"1":{"name":"(anonymous_10)","decl":{"start":{"line":12,"column":10},"end":{"line":12,"column":23}},"loc":{"start":{"line":12,"column":34},"end":{"line":16,"column":null}}},"2":{"name":"(anonymous_12)","decl":{"start":{"line":15,"column":32},"end":{"line":15,"column":33}},"loc":{"start":{"line":15,"column":45},"end":{"line":15,"column":62}}}},"branchMap":{},"s":{"0":1,"1":0,"2":0,"3":0,"4":0,"5":0,"6":1},"f":{"0":0,"1":0,"2":0},"b":{}}
,"D:\\SAE501\\API501\\src\\data\\data-sources\\json\\pokemons\\json-pokemon-data-sources.ts": {"path":"D:\\SAE501\\API501\\src\\data\\data-sources\\json\\pokemons\\json-pokemon-data-sources.ts","statementMap":{"0":{"start":{"line":2,"column":0},"end":{"line":2,"column":44}},"1":{"start":{"line":10,"column":35},"end":{"line":10,"column":43}},"2":{"start":{"line":11,"column":8},"end":{"line":11,"column":27}},"3":{"start":{"line":17,"column":35},"end":{"line":17,"column":43}},"4":{"start":{"line":18,"column":8},"end":{"line":18,"column":null}},"5":{"start":{"line":7,"column":0},"end":{"line":7,"column":13}}},"fnMap":{"0":{"name":"(anonymous_8)","decl":{"start":{"line":8,"column":10},"end":{"line":8,"column":23}},"loc":{"start":{"line":8,"column":23},"end":{"line":12,"column":null}}},"1":{"name":"(anonymous_10)","decl":{"start":{"line":15,"column":10},"end":{"line":15,"column":23}},"loc":{"start":{"line":15,"column":34},"end":{"line":20,"column":null}}}},"branchMap":{},"s":{"0":0,"1":0,"2":0,"3":0,"4":0,"5":0},"f":{"0":0,"1":0},"b":{}}
,"D:\\SAE501\\API501\\src\\data\\data-sources\\json\\pokemons\\sauvages\\json-sauvage-data-sources.ts": {"path":"D:\\SAE501\\API501\\src\\data\\data-sources\\json\\pokemons\\sauvages\\json-sauvage-data-sources.ts","statementMap":{"0":{"start":{"line":7,"column":8},"end":{"line":7,"column":42}},"1":{"start":{"line":5,"column":0},"end":{"line":5,"column":13}}},"fnMap":{"0":{"name":"(anonymous_0)","decl":{"start":{"line":6,"column":4},"end":{"line":6,"column":20}},"loc":{"start":{"line":6,"column":36},"end":{"line":8,"column":5}}}},"branchMap":{},"s":{"0":0,"1":0},"f":{"0":0},"b":{}}
,"D:\\SAE501\\API501\\src\\data\\data-sources\\mysql\\mysql-database-wrapper.ts": {"path":"D:\\SAE501\\API501\\src\\data\\data-sources\\mysql\\mysql-database-wrapper.ts","statementMap":{"0":{"start":{"line":2,"column":0},"end":{"line":2,"column":55}},"1":{"start":{"line":9,"column":8},"end":{"line":9,"column":40}},"2":{"start":{"line":14,"column":8},"end":{"line":22,"column":11}},"3":{"start":{"line":15,"column":12},"end":{"line":21,"column":15}},"4":{"start":{"line":16,"column":16},"end":{"line":20,"column":null}},"5":{"start":{"line":17,"column":20},"end":{"line":17,"column":32}},"6":{"start":{"line":19,"column":20},"end":{"line":19,"column":37}},"7":{"start":{"line":5,"column":0},"end":{"line":5,"column":13}}},"fnMap":{"0":{"name":"(anonymous_0)","decl":{"start":{"line":8,"column":4},"end":{"line":8,"column":16}},"loc":{"start":{"line":8,"column":36},"end":{"line":11,"column":5}}},"1":{"name":"(anonymous_1)","decl":{"start":{"line":13,"column":4},"end":{"line":13,"column":9}},"loc":{"start":{"line":13,"column":37},"end":{"line":23,"column":5}}},"2":{"name":"(anonymous_2)","decl":{"start":{"line":14,"column":27},"end":{"line":14,"column":28}},"loc":{"start":{"line":14,"column":47},"end":{"line":22,"column":9}}},"3":{"name":"(anonymous_3)","decl":{"start":{"line":15,"column":41},"end":{"line":15,"column":42}},"loc":{"start":{"line":15,"column":58},"end":{"line":21,"column":13}}}},"branchMap":{"0":{"loc":{"start":{"line":16,"column":16},"end":{"line":20,"column":null}},"type":"if","locations":[{"start":{"line":16,"column":16},"end":{"line":20,"column":null}},{"start":{"line":18,"column":23},"end":{"line":20,"column":null}}]}},"s":{"0":1,"1":1,"2":3,"3":3,"4":3,"5":0,"6":3,"7":1},"f":{"0":1,"1":3,"2":3,"3":3},"b":{"0":[0,3]}}
,"D:\\SAE501\\API501\\src\\data\\data-sources\\mysql\\pokedex\\mysql-pokedex-data-source.ts": {"path":"D:\\SAE501\\API501\\src\\data\\data-sources\\mysql\\pokedex\\mysql-pokedex-data-source.ts","statementMap":{"0":{"start":{"line":6,"column":24},"end":{"line":6,"column":48}},"1":{"start":{"line":9,"column":20},"end":{"line":9,"column":51}},"2":{"start":{"line":10,"column":24},"end":{"line":10,"column":48}},"3":{"start":{"line":12,"column":8},"end":{"line":12,"column":null}},"4":{"start":{"line":19,"column":8},"end":{"line":19,"column":23}},"5":{"start":{"line":23,"column":20},"end":{"line":23,"column":64}},"6":{"start":{"line":25,"column":34},"end":{"line":25,"column":64}},"7":{"start":{"line":28,"column":8},"end":{"line":30,"column":null}},"8":{"start":{"line":29,"column":12},"end":{"line":29,"column":29}},"9":{"start":{"line":33,"column":33},"end":{"line":33,"column":54}},"10":{"start":{"line":35,"column":8},"end":{"line":35,"column":23}},"11":{"start":{"line":5,"column":0},"end":{"line":5,"column":13}}},"fnMap":{"0":{"name":"(anonymous_7)","decl":{"start":{"line":6,"column":4},"end":{"line":6,"column":24}},"loc":{"start":{"line":6,"column":48},"end":{"line":6,"column":52}}},"1":{"name":"(anonymous_8)","decl":{"start":{"line":8,"column":10},"end":{"line":8,"column":23}},"loc":{"start":{"line":8,"column":23},"end":{"line":20,"column":null}}},"2":{"name":"(anonymous_10)","decl":{"start":{"line":22,"column":10},"end":{"line":22,"column":23}},"loc":{"start":{"line":22,"column":34},"end":{"line":36,"column":null}}}},"branchMap":{"0":{"loc":{"start":{"line":28,"column":8},"end":{"line":30,"column":null}},"type":"if","locations":[{"start":{"line":28,"column":8},"end":{"line":30,"column":null}}]}},"s":{"0":1,"1":1,"2":1,"3":1,"4":1,"5":2,"6":2,"7":2,"8":0,"9":1,"10":1,"11":1},"f":{"0":1,"1":1,"2":2},"b":{"0":[0]}}
,"D:\\SAE501\\API501\\src\\data\\interfaces\\data-sources\\mysql\\db-connnect.ts": {"path":"D:\\SAE501\\API501\\src\\data\\interfaces\\data-sources\\mysql\\db-connnect.ts","statementMap":{"0":{"start":{"line":1,"column":0},"end":{"line":1,"column":81}},"1":{"start":{"line":3,"column":13},"end":{"line":9,"column":null}}},"fnMap":{},"branchMap":{},"s":{"0":1,"1":1},"f":{},"b":{}}
,"D:\\SAE501\\API501\\src\\domain\\use-cases\\pokemon.ts": {"path":"D:\\SAE501\\API501\\src\\domain\\use-cases\\pokemon.ts","statementMap":{"0":{"start":{"line":7,"column":23},"end":{"line":7,"column":57}},"1":{"start":{"line":8,"column":4},"end":{"line":8,"column":22}},"2":{"start":{"line":5,"column":0},"end":{"line":5,"column":22}},"3":{"start":{"line":13,"column":23},"end":{"line":13,"column":55}},"4":{"start":{"line":14,"column":4},"end":{"line":14,"column":22}},"5":{"start":{"line":11,"column":0},"end":{"line":11,"column":22}}},"fnMap":{"0":{"name":"getOnePokemon","decl":{"start":{"line":5,"column":22},"end":{"line":5,"column":35}},"loc":{"start":{"line":5,"column":78},"end":{"line":9,"column":null}}},"1":{"name":"getAllPokemon","decl":{"start":{"line":11,"column":22},"end":{"line":11,"column":35}},"loc":{"start":{"line":11,"column":65},"end":{"line":15,"column":null}}}},"branchMap":{},"s":{"0":0,"1":0,"2":0,"3":0,"4":0,"5":0},"f":{"0":0,"1":0},"b":{}}
,"D:\\SAE501\\API501\\src\\domain\\use-cases\\pokedex\\pokedex.ts": {"path":"D:\\SAE501\\API501\\src\\domain\\use-cases\\pokedex\\pokedex.ts","statementMap":{"0":{"start":{"line":7,"column":23},"end":{"line":7,"column":55}},"1":{"start":{"line":8,"column":4},"end":{"line":8,"column":22}},"2":{"start":{"line":6,"column":0},"end":{"line":6,"column":22}},"3":{"start":{"line":12,"column":23},"end":{"line":12,"column":57}},"4":{"start":{"line":13,"column":4},"end":{"line":13,"column":22}},"5":{"start":{"line":11,"column":0},"end":{"line":11,"column":22}}},"fnMap":{"0":{"name":"getAllPokedex","decl":{"start":{"line":6,"column":22},"end":{"line":6,"column":35}},"loc":{"start":{"line":6,"column":65},"end":{"line":9,"column":null}}},"1":{"name":"getOnePokedex","decl":{"start":{"line":11,"column":22},"end":{"line":11,"column":35}},"loc":{"start":{"line":11,"column":78},"end":{"line":14,"column":null}}}},"branchMap":{},"s":{"0":2,"1":1,"2":1,"3":3,"4":1,"5":1},"f":{"0":2,"1":3},"b":{}}
,"D:\\SAE501\\API501\\src\\domain\\use-cases\\pokemon\\sauvage\\sauvage.ts": {"path":"D:\\SAE501\\API501\\src\\domain\\use-cases\\pokemon\\sauvage\\sauvage.ts","statementMap":{"0":{"start":{"line":6,"column":23},"end":{"line":6,"column":60}},"1":{"start":{"line":7,"column":4},"end":{"line":7,"column":22}},"2":{"start":{"line":5,"column":0},"end":{"line":5,"column":22}}},"fnMap":{"0":{"name":"getSauvageOnRoad","decl":{"start":{"line":5,"column":22},"end":{"line":5,"column":38}},"loc":{"start":{"line":5,"column":81},"end":{"line":8,"column":null}}}},"branchMap":{},"s":{"0":0,"1":0,"2":0},"f":{"0":0},"b":{}}
,"D:\\SAE501\\API501\\src\\presentation\\routers\\main-router.ts": {"path":"D:\\SAE501\\API501\\src\\presentation\\routers\\main-router.ts","statementMap":{"0":{"start":{"line":1,"column":0},"end":{"line":1,"column":50}},"1":{"start":{"line":7,"column":8},"end":{"line":7,"column":31}},"2":{"start":{"line":8,"column":8},"end":{"line":8,"column":32}},"3":{"start":{"line":12,"column":8},"end":{"line":12,"column":56}},"4":{"start":{"line":16,"column":12},"end":{"line":16,"column":58}},"5":{"start":{"line":20,"column":13},"end":{"line":20,"column":null}},"6":{"start":{"line":21,"column":13},"end":{"line":21,"column":52}}},"fnMap":{"0":{"name":"(anonymous_7)","decl":{"start":{"line":6,"column":4},"end":{"line":6,"column":null}},"loc":{"start":{"line":6,"column":4},"end":{"line":9,"column":5}}},"1":{"name":"(anonymous_8)","decl":{"start":{"line":11,"column":12},"end":{"line":11,"column":28}},"loc":{"start":{"line":11,"column":28},"end":{"line":13,"column":5}}},"2":{"name":"(anonymous_9)","decl":{"start":{"line":15,"column":18},"end":{"line":15,"column":27}},"loc":{"start":{"line":15,"column":55},"end":{"line":17,"column":null}}}},"branchMap":{},"s":{"0":0,"1":0,"2":0,"3":0,"4":0,"5":0,"6":0},"f":{"0":0,"1":0,"2":0},"b":{}}
,"D:\\SAE501\\API501\\src\\presentation\\routers\\pokedex\\pokedex-router.ts": {"path":"D:\\SAE501\\API501\\src\\presentation\\routers\\pokedex\\pokedex-router.ts","statementMap":{"0":{"start":{"line":1,"column":0},"end":{"line":1,"column":50}},"1":{"start":{"line":2,"column":0},"end":{"line":2,"column":87}},"2":{"start":{"line":5,"column":0},"end":{"line":5,"column":103}},"3":{"start":{"line":6,"column":0},"end":{"line":6,"column":106}},"4":{"start":{"line":7,"column":0},"end":{"line":7,"column":81}},"5":{"start":{"line":11,"column":30},"end":{"line":11,"column":57}},"6":{"start":{"line":12,"column":31},"end":{"line":12,"column":67}},"7":{"start":{"line":26,"column":8},"end":{"line":26,"column":31}},"8":{"start":{"line":27,"column":8},"end":{"line":27,"column":51}},"9":{"start":{"line":28,"column":8},"end":{"line":28,"column":32}},"10":{"start":{"line":47,"column":8},"end":{"line":47,"column":74}},"11":{"start":{"line":71,"column":8},"end":{"line":71,"column":78}},"12":{"start":{"line":75,"column":8},"end":{"line":81,"column":null}},"13":{"start":{"line":77,"column":31},"end":{"line":77,"column":74}},"14":{"start":{"line":78,"column":12},"end":{"line":78,"column":33}},"15":{"start":{"line":80,"column":12},"end":{"line":80,"column":67}},"16":{"start":{"line":86,"column":8},"end":{"line":100,"column":null}},"17":{"start":{"line":88,"column":23},"end":{"line":88,"column":36}},"18":{"start":{"line":89,"column":28},"end":{"line":89,"column":83}},"19":{"start":{"line":91,"column":12},"end":{"line":96,"column":null}},"20":{"start":{"line":92,"column":16},"end":{"line":92,"column":null}},"21":{"start":{"line":95,"column":16},"end":{"line":95,"column":34}},"22":{"start":{"line":99,"column":12},"end":{"line":99,"column":67}},"23":{"start":{"line":21,"column":0},"end":{"line":21,"column":13}},"24":{"start":{"line":104,"column":13},"end":{"line":104,"column":79}},"25":{"start":{"line":105,"column":13},"end":{"line":105,"column":58}}},"fnMap":{"0":{"name":"(anonymous_7)","decl":{"start":{"line":25,"column":4},"end":{"line":25,"column":16}},"loc":{"start":{"line":25,"column":52},"end":{"line":29,"column":5}}},"1":{"name":"(anonymous_8)","decl":{"start":{"line":31,"column":12},"end":{"line":31,"column":28}},"loc":{"start":{"line":31,"column":28},"end":{"line":72,"column":5}}},"2":{"name":"(anonymous_9)","decl":{"start":{"line":74,"column":18},"end":{"line":74,"column":38}},"loc":{"start":{"line":74,"column":66},"end":{"line":82,"column":null}}},"3":{"name":"(anonymous_11)","decl":{"start":{"line":85,"column":18},"end":{"line":85,"column":38}},"loc":{"start":{"line":85,"column":66},"end":{"line":101,"column":null}}}},"branchMap":{"0":{"loc":{"start":{"line":91,"column":12},"end":{"line":96,"column":null}},"type":"if","locations":[{"start":{"line":91,"column":12},"end":{"line":96,"column":null}},{"start":{"line":93,"column":19},"end":{"line":96,"column":null}}]}},"s":{"0":1,"1":1,"2":1,"3":1,"4":1,"5":1,"6":1,"7":2,"8":2,"9":2,"10":2,"11":2,"12":2,"13":2,"14":1,"15":1,"16":3,"17":3,"18":3,"19":1,"20":1,"21":0,"22":2,"23":1,"24":1,"25":1},"f":{"0":2,"1":2,"2":2,"3":3},"b":{"0":[1,0]}}
,"D:\\SAE501\\API501\\src\\presentation\\routers\\pokemons\\pokemons-router.ts": {"path":"D:\\SAE501\\API501\\src\\presentation\\routers\\pokemons\\pokemons-router.ts","statementMap":{"0":{"start":{"line":2,"column":0},"end":{"line":2,"column":50}},"1":{"start":{"line":3,"column":0},"end":{"line":3,"column":79}},"2":{"start":{"line":7,"column":0},"end":{"line":7,"column":105}},"3":{"start":{"line":21,"column":30},"end":{"line":21,"column":57}},"4":{"start":{"line":34,"column":8},"end":{"line":34,"column":31}},"5":{"start":{"line":35,"column":8},"end":{"line":35,"column":51}},"6":{"start":{"line":36,"column":8},"end":{"line":36,"column":32}},"7":{"start":{"line":56,"column":8},"end":{"line":56,"column":74}},"8":{"start":{"line":76,"column":8},"end":{"line":82,"column":null}},"9":{"start":{"line":78,"column":31},"end":{"line":78,"column":74}},"10":{"start":{"line":79,"column":12},"end":{"line":79,"column":33}},"11":{"start":{"line":81,"column":12},"end":{"line":81,"column":67}},"12":{"start":{"line":86,"column":13},"end":{"line":86,"column":79}},"13":{"start":{"line":87,"column":13},"end":{"line":87,"column":58}}},"fnMap":{"0":{"name":"(anonymous_7)","decl":{"start":{"line":33,"column":4},"end":{"line":33,"column":16}},"loc":{"start":{"line":33,"column":52},"end":{"line":37,"column":5}}},"1":{"name":"(anonymous_8)","decl":{"start":{"line":39,"column":12},"end":{"line":39,"column":28}},"loc":{"start":{"line":39,"column":28},"end":{"line":57,"column":5}}},"2":{"name":"(anonymous_9)","decl":{"start":{"line":75,"column":18},"end":{"line":75,"column":38}},"loc":{"start":{"line":75,"column":66},"end":{"line":83,"column":null}}}},"branchMap":{},"s":{"0":0,"1":0,"2":0,"3":0,"4":0,"5":0,"6":0,"7":0,"8":0,"9":0,"10":0,"11":0,"12":0,"13":0},"f":{"0":0,"1":0,"2":0},"b":{}}
,"D:\\SAE501\\API501\\src\\presentation\\routers\\pokemons\\sauvage\\sauvage-router.ts": {"path":"D:\\SAE501\\API501\\src\\presentation\\routers\\pokemons\\sauvage\\sauvage-router.ts","statementMap":{"0":{"start":{"line":1,"column":0},"end":{"line":1,"column":50}},"1":{"start":{"line":4,"column":0},"end":{"line":4,"column":118}},"2":{"start":{"line":5,"column":0},"end":{"line":5,"column":86}},"3":{"start":{"line":6,"column":30},"end":{"line":6,"column":58}},"4":{"start":{"line":19,"column":8},"end":{"line":19,"column":31}},"5":{"start":{"line":20,"column":8},"end":{"line":20,"column":51}},"6":{"start":{"line":21,"column":8},"end":{"line":21,"column":32}},"7":{"start":{"line":50,"column":8},"end":{"line":50,"column":81}},"8":{"start":{"line":54,"column":8},"end":{"line":66,"column":null}},"9":{"start":{"line":55,"column":23},"end":{"line":55,"column":36}},"10":{"start":{"line":56,"column":34},"end":{"line":56,"column":91}},"11":{"start":{"line":58,"column":12},"end":{"line":63,"column":null}},"12":{"start":{"line":59,"column":16},"end":{"line":59,"column":null}},"13":{"start":{"line":62,"column":16},"end":{"line":62,"column":40}},"14":{"start":{"line":65,"column":12},"end":{"line":65,"column":67}},"15":{"start":{"line":70,"column":13},"end":{"line":70,"column":78}},"16":{"start":{"line":71,"column":13},"end":{"line":71,"column":58}}},"fnMap":{"0":{"name":"(anonymous_7)","decl":{"start":{"line":18,"column":4},"end":{"line":18,"column":16}},"loc":{"start":{"line":18,"column":52},"end":{"line":22,"column":5}}},"1":{"name":"(anonymous_8)","decl":{"start":{"line":24,"column":12},"end":{"line":24,"column":28}},"loc":{"start":{"line":24,"column":28},"end":{"line":51,"column":5}}},"2":{"name":"(anonymous_9)","decl":{"start":{"line":53,"column":18},"end":{"line":53,"column":41}},"loc":{"start":{"line":53,"column":69},"end":{"line":67,"column":null}}}},"branchMap":{"0":{"loc":{"start":{"line":58,"column":12},"end":{"line":63,"column":null}},"type":"if","locations":[{"start":{"line":58,"column":12},"end":{"line":63,"column":null}},{"start":{"line":60,"column":19},"end":{"line":63,"column":null}}]}},"s":{"0":0,"1":0,"2":0,"3":0,"4":0,"5":0,"6":0,"7":0,"8":0,"9":0,"10":0,"11":0,"12":0,"13":0,"14":0,"15":0,"16":0},"f":{"0":0,"1":0,"2":0},"b":{"0":[0,0]}}
}
