TN:
SF:src\index.ts
FNF:0
FNH:0
DA:1,0
DA:3,0
LF:2
LH:0
BRF:0
BRH:0
end_of_record
TN:
SF:src\server.ts
FN:10,startServer
FN:23,(anonymous_2)
FNF:2
FNH:0
FNDA:0,startServer
FNDA:0,(anonymous_2)
DA:1,0
DA:2,0
DA:3,0
DA:4,0
DA:5,0
DA:6,0
DA:7,0
DA:8,0
DA:10,0
DA:11,0
DA:13,0
DA:14,0
DA:15,0
DA:18,0
DA:19,0
DA:20,0
DA:21,0
DA:23,0
DA:24,0
LF:19
LH:0
BRF:0
BRH:0
end_of_record
TN:
SF:src\data\data-sources\json\pokedex\json-pokedex-data-source.ts
FN:6,(anonymous_8)
FN:12,(anonymous_10)
FN:15,(anonymous_12)
FNF:3
FNH:0
FNDA:0,(anonymous_8)
FNDA:0,(anonymous_10)
FNDA:0,(anonymous_12)
DA:2,1
DA:5,1
DA:8,0
DA:9,0
DA:14,0
DA:15,0
LF:6
LH:2
BRF:0
BRH:0
end_of_record
TN:
SF:src\data\data-sources\json\pokemons\json-pokemon-data-sources.ts
FN:8,(anonymous_8)
FN:15,(anonymous_10)
FNF:2
FNH:0
FNDA:0,(anonymous_8)
FNDA:0,(anonymous_10)
DA:2,0
DA:7,0
DA:10,0
DA:11,0
DA:17,0
DA:18,0
LF:6
LH:0
BRF:0
BRH:0
end_of_record
TN:
SF:src\data\data-sources\json\pokemons\sauvages\json-sauvage-data-sources.ts
FN:6,(anonymous_0)
FNF:1
FNH:0
FNDA:0,(anonymous_0)
DA:5,0
DA:7,0
LF:2
LH:0
BRF:0
BRH:0
end_of_record
TN:
SF:src\data\data-sources\mysql\mysql-database-wrapper.ts
FN:8,(anonymous_0)
FN:13,(anonymous_1)
FN:14,(anonymous_2)
FN:15,(anonymous_3)
FNF:4
FNH:4
FNDA:1,(anonymous_0)
FNDA:3,(anonymous_1)
FNDA:3,(anonymous_2)
FNDA:3,(anonymous_3)
DA:2,1
DA:5,1
DA:9,1
DA:14,3
DA:15,3
DA:16,3
DA:17,0
DA:19,3
LF:8
LH:7
BRDA:16,0,0,0
BRDA:16,0,1,3
BRF:2
BRH:1
end_of_record
TN:
SF:src\data\data-sources\mysql\pokedex\mysql-pokedex-data-source.ts
FN:6,(anonymous_7)
FN:8,(anonymous_8)
FN:22,(anonymous_10)
FNF:3
FNH:3
FNDA:1,(anonymous_7)
FNDA:1,(anonymous_8)
FNDA:2,(anonymous_10)
DA:5,1
DA:6,1
DA:9,1
DA:10,1
DA:12,1
DA:19,1
DA:23,2
DA:25,2
DA:28,2
DA:29,0
DA:33,1
DA:35,1
LF:12
LH:11
BRDA:28,0,0,0
BRF:1
BRH:0
end_of_record
TN:
SF:src\data\interfaces\data-sources\mysql\db-connnect.ts
FNF:0
FNH:0
DA:1,1
DA:3,1
LF:2
LH:2
BRF:0
BRH:0
end_of_record
TN:
SF:src\domain\use-cases\pokemon.ts
FN:5,getOnePokemon
FN:11,getAllPokemon
FNF:2
FNH:0
FNDA:0,getOnePokemon
FNDA:0,getAllPokemon
DA:5,0
DA:7,0
DA:8,0
DA:11,0
DA:13,0
DA:14,0
LF:6
LH:0
BRF:0
BRH:0
end_of_record
TN:
SF:src\domain\use-cases\pokedex\pokedex.ts
FN:6,getAllPokedex
FN:11,getOnePokedex
FNF:2
FNH:2
FNDA:2,getAllPokedex
FNDA:3,getOnePokedex
DA:6,1
DA:7,2
DA:8,1
DA:11,1
DA:12,3
DA:13,1
LF:6
LH:6
BRF:0
BRH:0
end_of_record
TN:
SF:src\domain\use-cases\pokemon\sauvage\sauvage.ts
FN:5,getSauvageOnRoad
FNF:1
FNH:0
FNDA:0,getSauvageOnRoad
DA:5,0
DA:6,0
DA:7,0
LF:3
LH:0
BRF:0
BRH:0
end_of_record
TN:
SF:src\presentation\routers\main-router.ts
FN:6,(anonymous_7)
FN:11,(anonymous_8)
FN:15,(anonymous_9)
FNF:3
FNH:0
FNDA:0,(anonymous_7)
FNDA:0,(anonymous_8)
FNDA:0,(anonymous_9)
DA:1,0
DA:7,0
DA:8,0
DA:12,0
DA:16,0
DA:20,0
DA:21,0
LF:7
LH:0
BRF:0
BRH:0
end_of_record
TN:
SF:src\presentation\routers\pokedex\pokedex-router.ts
FN:25,(anonymous_7)
FN:31,(anonymous_8)
FN:74,(anonymous_9)
FN:85,(anonymous_11)
FNF:4
FNH:4
FNDA:2,(anonymous_7)
FNDA:2,(anonymous_8)
FNDA:2,(anonymous_9)
FNDA:3,(anonymous_11)
DA:1,1
DA:2,1
DA:5,1
DA:6,1
DA:7,1
DA:11,1
DA:12,1
DA:21,1
DA:26,2
DA:27,2
DA:28,2
DA:47,2
DA:71,2
DA:75,2
DA:77,2
DA:78,1
DA:80,1
DA:86,3
DA:88,3
DA:89,3
DA:91,1
DA:92,1
DA:95,0
DA:99,2
DA:104,1
DA:105,1
LF:26
LH:25
BRDA:91,0,0,1
BRDA:91,0,1,0
BRF:2
BRH:1
end_of_record
TN:
SF:src\presentation\routers\pokemons\pokemons-router.ts
FN:33,(anonymous_7)
FN:39,(anonymous_8)
FN:75,(anonymous_9)
FNF:3
FNH:0
FNDA:0,(anonymous_7)
FNDA:0,(anonymous_8)
FNDA:0,(anonymous_9)
DA:2,0
DA:3,0
DA:7,0
DA:21,0
DA:34,0
DA:35,0
DA:36,0
DA:56,0
DA:76,0
DA:78,0
DA:79,0
DA:81,0
DA:86,0
DA:87,0
LF:14
LH:0
BRF:0
BRH:0
end_of_record
TN:
SF:src\presentation\routers\pokemons\sauvage\sauvage-router.ts
FN:18,(anonymous_7)
FN:24,(anonymous_8)
FN:53,(anonymous_9)
FNF:3
FNH:0
FNDA:0,(anonymous_7)
FNDA:0,(anonymous_8)
FNDA:0,(anonymous_9)
DA:1,0
DA:4,0
DA:5,0
DA:6,0
DA:19,0
DA:20,0
DA:21,0
DA:50,0
DA:54,0
DA:55,0
DA:56,0
DA:58,0
DA:59,0
DA:62,0
DA:65,0
DA:70,0
DA:71,0
LF:17
LH:0
BRDA:58,0,0,0
BRDA:58,0,1,0
BRF:2
BRH:0
end_of_record
