TN:
SF:src\index.ts
FNF:0
FNH:0
DA:1,0
DA:3,0
LF:2
LH:0
BRF:0
BRH:0
end_of_record
TN:
SF:src\server.ts
FN:9,startServer
FN:21,(anonymous_2)
FNF:2
FNH:0
FNDA:0,startServer
FNDA:0,(anonymous_2)
DA:1,0
DA:2,0
DA:3,0
DA:4,0
DA:5,0
DA:6,0
DA:7,0
DA:9,0
DA:10,0
DA:12,0
DA:13,0
DA:14,0
DA:17,0
DA:18,0
DA:19,0
DA:21,0
DA:22,0
LF:17
LH:0
BRF:0
BRH:0
end_of_record
TN:
SF:src\data\data-sources\json\pokedex\json-pokedex-data-source.ts
FN:6,(anonymous_8)
FN:12,(anonymous_10)
FN:15,(anonymous_12)
FNF:3
FNH:3
FNDA:1,(anonymous_8)
FNDA:1,(anonymous_10)
FNDA:3,(anonymous_12)
DA:2,2
DA:5,2
DA:8,1
DA:9,1
DA:14,1
DA:15,3
LF:6
LH:6
BRF:0
BRH:0
end_of_record
TN:
SF:src\data\data-sources\mysql\mysql-database-wrapper.ts
FN:8,(anonymous_0)
FN:13,(anonymous_1)
FN:14,(anonymous_2)
FN:15,(anonymous_3)
FNF:4
FNH:0
FNDA:0,(anonymous_0)
FNDA:0,(anonymous_1)
FNDA:0,(anonymous_2)
FNDA:0,(anonymous_3)
DA:2,0
DA:5,0
DA:9,0
DA:14,0
DA:15,0
DA:16,0
DA:17,0
DA:19,0
LF:8
LH:0
BRDA:16,0,0,0
BRDA:16,0,1,0
BRF:2
BRH:0
end_of_record
TN:
SF:src\domain\use-cases\pokemon.ts
FN:5,getOnePokemon
FNF:1
FNH:0
FNDA:0,getOnePokemon
DA:5,0
DA:7,0
DA:8,0
LF:3
LH:0
BRF:0
BRH:0
end_of_record
TN:
SF:src\domain\use-cases\pokedex\pokedex.ts
FN:6,getAllPokedex
FN:11,getOnePokedex
FNF:2
FNH:2
FNDA:2,getAllPokedex
FNDA:3,getOnePokedex
DA:6,1
DA:7,2
DA:8,1
DA:11,1
DA:12,3
DA:13,2
LF:6
LH:6
BRF:0
BRH:0
end_of_record
TN:
SF:src\presentation\routers\main-router.ts
FN:6,(anonymous_7)
FN:11,(anonymous_8)
FN:15,(anonymous_9)
FNF:3
FNH:0
FNDA:0,(anonymous_7)
FNDA:0,(anonymous_8)
FNDA:0,(anonymous_9)
DA:1,0
DA:7,0
DA:8,0
DA:12,0
DA:16,0
DA:20,0
DA:21,0
LF:7
LH:0
BRF:0
BRH:0
end_of_record
TN:
SF:src\presentation\routers\pokedex\pokedex-router.ts
FN:22,(anonymous_7)
FN:28,(anonymous_8)
FN:71,(anonymous_9)
FN:82,(anonymous_11)
FNF:4
FNH:4
FNDA:2,(anonymous_7)
FNDA:2,(anonymous_8)
FNDA:2,(anonymous_9)
FNDA:3,(anonymous_11)
DA:1,1
DA:2,1
DA:5,1
DA:9,1
DA:18,1
DA:23,2
DA:24,2
DA:25,2
DA:44,2
DA:68,2
DA:72,2
DA:74,2
DA:75,1
DA:77,1
DA:83,3
DA:85,3
DA:86,3
DA:88,2
DA:89,1
DA:92,1
DA:96,1
DA:101,1
DA:102,1
LF:23
LH:23
BRDA:88,0,0,1
BRDA:88,0,1,1
BRF:2
BRH:2
end_of_record
